Started GET "/" for 127.0.0.1 at 2017-11-03 22:18:02 -0500
Processing by Rails::WelcomeController#index as HTML
  Rendering /Users/michaeld/.rvm/gems/ruby-2.4.2@rails512/gems/railties-5.1.4/lib/rails/templates/rails/welcome/index.html.erb
  Rendered /Users/michaeld/.rvm/gems/ruby-2.4.2@rails512/gems/railties-5.1.4/lib/rails/templates/rails/welcome/index.html.erb (2.2ms)
Completed 200 OK in 157ms (Views: 6.4ms)


Started GET "/" for 127.0.0.1 at 2017-11-03 22:18:48 -0500
Processing by Rails::WelcomeController#index as HTML
  Rendering /Users/michaeld/.rvm/gems/ruby-2.4.2@rails512/gems/railties-5.1.4/lib/rails/templates/rails/welcome/index.html.erb
  Rendered /Users/michaeld/.rvm/gems/ruby-2.4.2@rails512/gems/railties-5.1.4/lib/rails/templates/rails/welcome/index.html.erb (1.7ms)
Completed 200 OK in 4ms (Views: 2.8ms)


Started GET "/" for 127.0.0.1 at 2017-11-04 17:56:49 -0500
Processing by Rails::WelcomeController#index as HTML
  Rendering /Users/michaeld/.rvm/gems/ruby-2.4.2@rails512/gems/railties-5.1.4/lib/rails/templates/rails/welcome/index.html.erb
  Rendered /Users/michaeld/.rvm/gems/ruby-2.4.2@rails512/gems/railties-5.1.4/lib/rails/templates/rails/welcome/index.html.erb (2.2ms)
Completed 200 OK in 149ms (Views: 5.6ms)


Started GET "/" for ::1 at 2017-11-04 17:58:54 -0500
Processing by Rails::WelcomeController#index as HTML
  Rendering /Users/michaeld/.rvm/gems/ruby-2.4.2@rails512/gems/railties-5.1.4/lib/rails/templates/rails/welcome/index.html.erb
  Rendered /Users/michaeld/.rvm/gems/ruby-2.4.2@rails512/gems/railties-5.1.4/lib/rails/templates/rails/welcome/index.html.erb (2.1ms)
Completed 200 OK in 115ms (Views: 5.5ms)


Started GET "/" for 127.0.0.1 at 2017-11-04 19:22:48 -0500
Processing by Rails::WelcomeController#index as HTML
  Rendering /Users/michaeld/.rvm/gems/ruby-2.4.2@rails512/gems/railties-5.1.4/lib/rails/templates/rails/welcome/index.html.erb
  Rendered /Users/michaeld/.rvm/gems/ruby-2.4.2@rails512/gems/railties-5.1.4/lib/rails/templates/rails/welcome/index.html.erb (2.1ms)
Completed 200 OK in 146ms (Views: 5.8ms)


Started GET "/welcome/index" for 127.0.0.1 at 2017-11-04 19:23:02 -0500
Processing by WelcomeController#index as HTML
  Rendering welcome/index.html.erb within layouts/application
  Rendered welcome/index.html.erb within layouts/application (0.3ms)
Completed 200 OK in 178ms (Views: 177.1ms)


Started GET "/welcome/about" for 127.0.0.1 at 2017-11-04 19:23:14 -0500
Processing by WelcomeController#about as HTML
  Rendering welcome/about.html.erb within layouts/application
  Rendered welcome/about.html.erb within layouts/application (0.4ms)
Completed 200 OK in 13ms (Views: 11.0ms)


Started GET "/welcome/about" for 127.0.0.1 at 2017-11-04 19:24:27 -0500
  
ActionController::RoutingError (No route matches [GET] "/welcome/about"):
  
actionpack (5.1.4) lib/action_dispatch/middleware/debug_exceptions.rb:63:in `call'
actionpack (5.1.4) lib/action_dispatch/middleware/show_exceptions.rb:31:in `call'
railties (5.1.4) lib/rails/rack/logger.rb:36:in `call_app'
railties (5.1.4) lib/rails/rack/logger.rb:24:in `block in call'
activesupport (5.1.4) lib/active_support/tagged_logging.rb:69:in `block in tagged'
activesupport (5.1.4) lib/active_support/tagged_logging.rb:26:in `tagged'
activesupport (5.1.4) lib/active_support/tagged_logging.rb:69:in `tagged'
railties (5.1.4) lib/rails/rack/logger.rb:24:in `call'
sprockets-rails (3.2.1) lib/sprockets/rails/quiet_assets.rb:13:in `call'
actionpack (5.1.4) lib/action_dispatch/middleware/remote_ip.rb:79:in `call'
actionpack (5.1.4) lib/action_dispatch/middleware/request_id.rb:25:in `call'
rack (2.0.3) lib/rack/method_override.rb:22:in `call'
rack (2.0.3) lib/rack/runtime.rb:22:in `call'
activesupport (5.1.4) lib/active_support/cache/strategy/local_cache_middleware.rb:27:in `call'
actionpack (5.1.4) lib/action_dispatch/middleware/executor.rb:12:in `call'
actionpack (5.1.4) lib/action_dispatch/middleware/static.rb:125:in `call'
rack (2.0.3) lib/rack/sendfile.rb:111:in `call'
railties (5.1.4) lib/rails/engine.rb:522:in `call'
puma (3.10.0) lib/puma/configuration.rb:225:in `call'
puma (3.10.0) lib/puma/server.rb:605:in `handle_request'
puma (3.10.0) lib/puma/server.rb:437:in `process_client'
puma (3.10.0) lib/puma/server.rb:301:in `block in run'
puma (3.10.0) lib/puma/thread_pool.rb:120:in `block in spawn_thread'
Started GET "/" for 127.0.0.1 at 2017-11-04 19:25:44 -0500
Processing by WelcomeController#index as HTML
  Rendering welcome/index.html.erb within layouts/application
  Rendered welcome/index.html.erb within layouts/application (0.4ms)
Completed 200 OK in 11ms (Views: 9.8ms)


